
> ae-framework@1.0.0 pbt /home/runner/work/ae-framework-test-08-Distributed-Lock-Lease-Manager/ae-framework-test-08-Distributed-Lock-Lease-Manager/.cache/ae-framework
> vitest run -c tests/property/vitest.config.ts

✘ [ERROR] Could not resolve "/home/runner/work/ae-framework-test-08-Distributed-Lock-Lease-Manager/ae-framework-test-08-Distributed-Lock-Lease-Manager/.cache/ae-framework/tests/property/vitest.config.ts"

[31mfailed to load config from /home/runner/work/ae-framework-test-08-Distributed-Lock-Lease-Manager/ae-framework-test-08-Distributed-Lock-Lease-Manager/.cache/ae-framework/tests/property/vitest.config.ts[39m

[31m⎯⎯⎯⎯⎯⎯⎯[1m[7m Startup Error [27m[22m⎯⎯⎯⎯⎯⎯⎯⎯[39m
Error: Build failed with 1 error:
error: Could not resolve "/home/runner/work/ae-framework-test-08-Distributed-Lock-Lease-Manager/ae-framework-test-08-Distributed-Lock-Lease-Manager/.cache/ae-framework/tests/property/vitest.config.ts"
    at failureErrorWithLog (/home/runner/work/ae-framework-test-08-Distributed-Lock-Lease-Manager/ae-framework-test-08-Distributed-Lock-Lease-Manager/.cache/ae-framework/node_modules/.pnpm/esbuild@0.27.2/node_modules/esbuild/lib/main.js:1467:15)
    at /home/runner/work/ae-framework-test-08-Distributed-Lock-Lease-Manager/ae-framework-test-08-Distributed-Lock-Lease-Manager/.cache/ae-framework/node_modules/.pnpm/esbuild@0.27.2/node_modules/esbuild/lib/main.js:926:25
    at runOnEndCallbacks (/home/runner/work/ae-framework-test-08-Distributed-Lock-Lease-Manager/ae-framework-test-08-Distributed-Lock-Lease-Manager/.cache/ae-framework/node_modules/.pnpm/esbuild@0.27.2/node_modules/esbuild/lib/main.js:1307:45)
    at buildResponseToResult (/home/runner/work/ae-framework-test-08-Distributed-Lock-Lease-Manager/ae-framework-test-08-Distributed-Lock-Lease-Manager/.cache/ae-framework/node_modules/.pnpm/esbuild@0.27.2/node_modules/esbuild/lib/main.js:924:7)
    at /home/runner/work/ae-framework-test-08-Distributed-Lock-Lease-Manager/ae-framework-test-08-Distributed-Lock-Lease-Manager/.cache/ae-framework/node_modules/.pnpm/esbuild@0.27.2/node_modules/esbuild/lib/main.js:951:16
    at responseCallbacks.<computed> (/home/runner/work/ae-framework-test-08-Distributed-Lock-Lease-Manager/ae-framework-test-08-Distributed-Lock-Lease-Manager/.cache/ae-framework/node_modules/.pnpm/esbuild@0.27.2/node_modules/esbuild/lib/main.js:603:9)
    at handleIncomingPacket (/home/runner/work/ae-framework-test-08-Distributed-Lock-Lease-Manager/ae-framework-test-08-Distributed-Lock-Lease-Manager/.cache/ae-framework/node_modules/.pnpm/esbuild@0.27.2/node_modules/esbuild/lib/main.js:658:12)
    at Socket.readFromStdout (/home/runner/work/ae-framework-test-08-Distributed-Lock-Lease-Manager/ae-framework-test-08-Distributed-Lock-Lease-Manager/.cache/ae-framework/node_modules/.pnpm/esbuild@0.27.2/node_modules/esbuild/lib/main.js:581:7)
    at Socket.emit (node:events:519:28)
    at addChunk (node:internal/streams/readable:561:12) {
  errors: [Getter/Setter],
  warnings: [Getter/Setter]
}



 ELIFECYCLE  Command failed with exit code 1.
